\BOOKMARK [1][-]{section.1}{\376\377\000I\000n\000t\000r\000o\000d\000u\000c\000t\000i\000o\000n}{}% 1
\BOOKMARK [2][-]{subsection.1.1}{\376\377\000P\000r\000o\000b\000l\000e\000m\000\040\000d\000e\000s\000c\000r\000i\000p\000t\000i\000o\000n}{section.1}% 2
\BOOKMARK [2][-]{subsection.1.2}{\376\377\000L\000i\000t\000e\000r\000a\000t\000u\000r\000e\000\040\000r\000e\000v\000i\000e\000w}{section.1}% 3
\BOOKMARK [1][-]{section.2}{\376\377\000P\000r\000e\000l\000i\000m\000i\000n\000a\000r\000i\000e\000s}{}% 4
\BOOKMARK [1][-]{section.3}{\376\377\000P\000r\000o\000b\000l\000e\000m\000s\000\040\000w\000i\000t\000h\000\040\000X\000=\000f\000X\000\040\000f\000o\000r\000\040\000s\000o\000m\000e\000\040\000a\000g\000e\000n\000t\000\040\000X\000\040\000\173\000A\000,\000\040\000B\000\175}{}% 5
\BOOKMARK [2][-]{subsection.3.1}{\376\377\000P\000r\000o\000b\000l\000e\000m\000\040\0001\000\040\000|\000\040\000*\000\040\000|\000\050\000A\000,\000\040\000f\000B\000\051}{section.3}% 6
\BOOKMARK [2][-]{subsection.3.2}{\376\377\000P\000r\000o\000b\000l\000e\000m\000\040\0001\000\040\000|\000\040\000*\000\040\000|\000\050\000f\000A\000,\000\040\000f\000s\000u\000m\000B\000\051}{section.3}% 7
\BOOKMARK [2][-]{subsection.3.3}{\376\377\000P\000r\000o\000b\000l\000e\000m\000\040\0001\000\040\000|\000\040\000*\000,\000\040\000f\000A\000\040\000Q\000A\000,\000\040\000f\000B\000\040\000Q\000B\000\040\000|\000-}{section.3}% 8
\BOOKMARK [2][-]{subsection.3.4}{\376\377\000P\000r\000o\000b\000l\000e\000m\000\040\0001\000\040\000|\000\040\000*\000\040\000|\000\043\000\050\000A\000,\000\040\000f\000B\000\051}{section.3}% 9
\BOOKMARK [1][-]{section.4}{\376\377\000N\000P\000-\000c\000o\000m\000p\000l\000e\000t\000e\000n\000e\000s\000s\000\040\000r\000e\000s\000u\000l\000t\000s}{}% 10
\BOOKMARK [2][-]{subsection.4.1}{\376\377\000N\000P\000-\000c\000o\000m\000p\000l\000e\000t\000e\000n\000e\000s\000s\000\040\000o\000f\000\040\0001\000\040\000|\000\040\000*\000,\000\040\000w\000j\000A\000\040\000C\000j\000A\000\040\000Q\000A\000,\000\040\000w\000j\000B\000\040\000C\000j\000B\000\040\000Q\000B\000|\000-}{section.4}% 11
\BOOKMARK [2][-]{subsection.4.2}{\376\377\000N\000P\000-\000c\000o\000m\000p\000l\000e\000t\000e\000n\000e\000s\000s\000\040\000o\000f\000\040\0001\000\040\000|\000\040\000*\000,\000\040\000w\000j\000A\000\040\000U\000j\000A\000\040\000Q\000A\000,\000\040\000w\000j\000B\000\040\000U\000j\000B\000\040\000Q\000B\000|\000-}{section.4}% 12
\BOOKMARK [2][-]{subsection.4.3}{\376\377\000N\000P\000-\000c\000o\000m\000p\000l\000e\000t\000e\000n\000e\000s\000s\000\040\000o\000f\000\040\0001\000\040\000|\000\040\000*\000,\000\040\000Y\000j\000A\000\040\000Q\000A\000,\000\040\000Y\000j\000B\000\040\000Q\000B\000|\000-}{section.4}% 13
\BOOKMARK [2][-]{subsection.4.4}{\376\377\000N\000P\000-\000c\000o\000m\000p\000l\000e\000t\000e\000n\000e\000s\000s\000\040\000o\000f\000\040\0001\000\040\000|\000\040\000*\000,\000\040\000C\000j\000A\000\040\000Q\000A\000,\000\040\000w\000j\000B\000\040\000U\000j\000B\000\040\000Q\000B\000|\000-}{section.4}% 14
\BOOKMARK [2][-]{subsection.4.5}{\376\377\000N\000P\000-\000c\000o\000m\000p\000l\000e\000t\000e\000n\000e\000s\000s\000\040\000o\000f\000\040\0001\000\040\000|\000\040\000*\000,\000\040\000Y\000j\000A\000\040\000Q\000A\000,\000\040\000w\000j\000B\000\040\000U\000j\000B\000\040\000Q\000B\000|\000-}{section.4}% 15
\BOOKMARK [2][-]{subsection.4.6}{\376\377\000N\000P\000-\000c\000o\000m\000p\000l\000e\000t\000e\000n\000e\000s\000s\000\040\000o\000f\000\040\0001\000\040\000|\000\040\000*\000,\000\040\000C\000j\000A\000\040\000Q\000A\000,\000\040\000Y\000j\000B\000\040\000Q\000B\000|\000-}{section.4}% 16
\BOOKMARK [1][-]{section.5}{\376\377\000A\000n\000\040\000e\000x\000a\000c\000t\000\040\000D\000P\000\040\000a\000l\000g\000o\000r\000i\000t\000h\000m\000\040\000f\000o\000r\000\040\0001\000\040\000|\000\040\000*\000|\000\043\000\050\000f\000s\000u\000m\000A\000,\000\040\000f\000s\000u\000m\000B\000\051}{}% 17
\BOOKMARK [1][-]{section.6}{\376\377\000A\000l\000g\000o\000r\000i\000t\000h\000m\000s\000\040\000f\000o\000r\000\040\0001\000\040\000|\000\040\000*\000|\000\050\000f\000s\000u\000m\000A\000,\000\040\000f\000s\000u\000m\000B\000\051}{}% 18
\BOOKMARK [2][-]{subsection.6.1}{\376\377\000A\000n\000\040\000e\000x\000a\000c\000t\000\040\000a\000l\000g\000o\000r\000i\000t\000h\000m\000\040\000f\000o\000r\000\040\0001\000\040\000|\000\040\000*\000|\000\050\000f\000s\000u\000m\000A\000,\000\040\000f\000s\000u\000m\000B\000\051}{section.6}% 19
\BOOKMARK [2][-]{subsection.6.2}{\376\377\000A\000n\000\040\000F\000P\000T\000A\000S\000\040\000f\000o\000r\000\040\0001\000\040\000|\000\040\000*\000|\000\050\000f\000s\000u\000m\000A\000,\000\040\000f\000s\000u\000m\000B\000\051}{section.6}% 20
\BOOKMARK [2][-]{subsection.6.3}{\376\377\000A\000\040\000s\000u\000p\000e\000r\000-\000d\000u\000a\000l\000\040\000F\000P\000T\000A\000S\000\040\000f\000o\000r\000\040\0001\000\040\000|\000\040\000*\000|\000\050\000f\000s\000u\000m\000A\000,\000\040\000f\000s\000u\000m\000B\000\051}{section.6}% 21
\BOOKMARK [1][-]{section.7}{\376\377\000A\000\040\000\050\0001\000,\000\040\0001\000+\000\051\000-\000a\000p\000p\000r\000o\000x\000i\000m\000a\000t\000e\000\040\000P\000O\000F\000\040\000f\000o\000r\000\040\0001\000\040\000|\000\040\000*\000|\000\043\000\050\000f\000s\000u\000m\000A\000,\000\040\000f\000s\000u\000m\000B\000\051}{}% 22
\BOOKMARK [1][-]{section.8}{\376\377\000N\000u\000m\000e\000r\000i\000c\000a\000l\000\040\000s\000t\000u\000d\000y}{}% 23
\BOOKMARK [1][-]{section.9}{\376\377\000M\000a\000n\000a\000g\000e\000r\000i\000a\000l\000\040\000i\000n\000s\000i\000g\000h\000t\000s}{}% 24
\BOOKMARK [1][-]{section.10}{\376\377\000C\000o\000n\000c\000l\000u\000s\000i\000o\000n\000s}{}% 25
