This is pdfTeX, Version 3.141592653-2.6-1.40.29 (TeX Live 2026) (preloaded format=pdflatex 2026.5.29)  29 MAY 2026 14:02
entering extended mode
 restricted \write18 enabled.
 file:line:error style messages enabled.
 %&-line parsing enabled.
**d:/code/WorkSpace/Literature/论文/11/LastVersion.tex
(d:/code/WorkSpace/Literature/论文/11/LastVersion.tex
LaTeX2e <2025-11-01>
L3 programming layer <2026-05-15>
(d:/code/texlive/2026/texmf-dist/tex/latex/base/article.cls
Document Class: article 2025/01/22 v1.4n Standard LaTeX document class
(d:/code/texlive/2026/texmf-dist/tex/latex/base/size12.clo
File: size12.clo 2025/01/22 v1.4n Standard LaTeX file (size option)
)
\c@part=\count276
\c@section=\count277
\c@subsection=\count278
\c@subsubsection=\count279
\c@paragraph=\count280
\c@subparagraph=\count281
\c@figure=\count282
\c@table=\count283
\abovecaptionskip=\skip49
\belowcaptionskip=\skip50
\bibindent=\dimen150
) (d:/code/texlive/2026/texmf-dist/tex/latex/natbib/natbib.sty
Package: natbib 2010/09/13 8.31b (PWD, AO)
\bibhang=\skip51
\bibsep=\skip52
LaTeX Info: Redefining \cite on input line 694.
\c@NAT@ctr=\count284
) (d:/code/texlive/2026/texmf-dist/tex/latex/amsfonts/amsfonts.sty
Package: amsfonts 2013/01/14 v3.01 Basic AMSFonts support
\@emptytoks=\toks17
\symAMSa=\mathgroup4
\symAMSb=\mathgroup5
LaTeX Font Info:    Redeclaring math symbol \hbar on input line 98.
LaTeX Font Info:    Overwriting math alphabet `\mathfrak' in version `bold'
(Font)                  U/euf/m/n --> U/euf/b/n on input line 106.
) (d:/code/texlive/2026/texmf-dist/tex/latex/amsmath/amsmath.sty
Package: amsmath 2025/07/09 v2.17z AMS math features
\@mathmargin=\skip53

For additional information on amsmath, use the `?' option.
(d:/code/texlive/2026/texmf-dist/tex/latex/amsmath/amstext.sty
Package: amstext 2024/11/17 v2.01 AMS text
 (d:/code/texlive/2026/texmf-dist/tex/latex/amsmath/amsgen.sty
File: amsgen.sty 1999/11/30 v2.0 generic functions
\@emptytoks=\toks18
\ex@=\dimen151
)) (d:/code/texlive/2026/texmf-dist/tex/latex/amsmath/amsbsy.sty
Package: amsbsy 1999/11/29 v1.2d Bold Symbols
\pmbraise@=\dimen152
) (d:/code/texlive/2026/texmf-dist/tex/latex/amsmath/amsopn.sty
Package: amsopn 2022/04/08 v2.04 operator names
)
\inf@bad=\count285
LaTeX Info: Redefining \frac on input line 233.
\uproot@=\count286
\leftroot@=\count287
LaTeX Info: Redefining \overline on input line 398.
LaTeX Info: Redefining \colon on input line 409.
\classnum@=\count288
\DOTSCASE@=\count289
LaTeX Info: Redefining \ldots on input line 495.
LaTeX Info: Redefining \dots on input line 498.
LaTeX Info: Redefining \cdots on input line 619.
\Mathstrutbox@=\box53
\strutbox@=\box54
LaTeX Info: Redefining \big on input line 721.
LaTeX Info: Redefining \Big on input line 722.
LaTeX Info: Redefining \bigg on input line 723.
LaTeX Info: Redefining \Bigg on input line 724.
\big@size=\dimen153
LaTeX Font Info:    Redeclaring font encoding OML on input line 742.
LaTeX Font Info:    Redeclaring font encoding OMS on input line 743.
\macc@depth=\count290
LaTeX Info: Redefining \bmod on input line 904.
LaTeX Info: Redefining \pmod on input line 909.
LaTeX Info: Redefining \smash on input line 939.
LaTeX Info: Redefining \relbar on input line 969.
LaTeX Info: Redefining \Relbar on input line 970.
\c@MaxMatrixCols=\count291
\dotsspace@=\muskip17
\c@parentequation=\count292
\dspbrk@lvl=\count293
\tag@help=\toks19
\row@=\count294
\column@=\count295
\maxfields@=\count296
\andhelp@=\toks20
\eqnshift@=\dimen154
\alignsep@=\dimen155
\tagshift@=\dimen156
\tagwidth@=\dimen157
\totwidth@=\dimen158
\lineht@=\dimen159
\@envbody=\toks21
\multlinegap=\skip54
\multlinetaggap=\skip55
\mathdisplay@stack=\toks22
LaTeX Info: Redefining \[ on input line 2950.
LaTeX Info: Redefining \] on input line 2951.
) (d:/code/texlive/2026/texmf-dist/tex/latex/amsfonts/amssymb.sty
Package: amssymb 2013/01/14 v3.01 AMS font symbols
) (d:/code/texlive/2026/texmf-dist/tex/latex/amsmath/amscd.sty
Package: amscd 2017/04/14 v2.1 AMS Commutative Diagrams
\athelp@=\toks23
\minaw@=\dimen160
\bigaw@=\dimen161
\minCDarrowwidth=\dimen162
) (d:/code/texlive/2026/texmf-dist/tex/latex/base/latexsym.sty
Package: latexsym 1998/08/17 v2.2e Standard LaTeX package (lasy symbols)
\symlasy=\mathgroup6
LaTeX Font Info:    Overwriting symbol font `lasy' in version `bold'
(Font)                  U/lasy/m/n --> U/lasy/b/n on input line 52.
) (d:/code/texlive/2026/texmf-dist/tex/latex/hyperref/hyperref.sty
Package: hyperref 2026-04-24 v7.01q Hypertext links for LaTeX
 (d:/code/texlive/2026/texmf-dist/tex/generic/iftex/iftex.sty
Package: iftex 2024/12/12 v1.0g TeX engine tests
) (d:/code/texlive/2026/texmf-dist/tex/latex/graphics/keyval.sty
Package: keyval 2022/05/29 v1.15 key=value parser (DPC)
\KV@toks@=\toks24
) (d:/code/texlive/2026/texmf-dist/tex/latex/kvsetkeys/kvsetkeys.sty
Package: kvsetkeys 2022-10-05 v1.19 Key value parser (HO)
) (d:/code/texlive/2026/texmf-dist/tex/generic/kvdefinekeys/kvdefinekeys.sty
Package: kvdefinekeys 2019-12-19 v1.6 Define keys (HO)
) (d:/code/texlive/2026/texmf-dist/tex/generic/pdfescape/pdfescape.sty
Package: pdfescape 2019/12/09 v1.15 Implements pdfTeX's escape features (HO)
 (d:/code/texlive/2026/texmf-dist/tex/generic/ltxcmds/ltxcmds.sty
Package: ltxcmds 2023-12-04 v1.26 LaTeX kernel commands for general use (HO)
) (d:/code/texlive/2026/texmf-dist/tex/generic/pdftexcmds/pdftexcmds.sty
Package: pdftexcmds 2020-06-27 v0.33 Utility functions of pdfTeX for LuaTeX (HO)
 (d:/code/texlive/2026/texmf-dist/tex/generic/infwarerr/infwarerr.sty
Package: infwarerr 2019/12/03 v1.5 Providing info/warning/error messages (HO)
)
Package pdftexcmds Info: \pdf@primitive is available.
Package pdftexcmds Info: \pdf@ifprimitive is available.
Package pdftexcmds Info: \pdfdraftmode found.
)) (d:/code/texlive/2026/texmf-dist/tex/latex/hycolor/hycolor.sty
Package: hycolor 2020-01-27 v1.10 Color options for hyperref/bookmark (HO)
) (d:/code/texlive/2026/texmf-dist/tex/latex/hyperref/nameref.sty
Package: nameref 2026-01-29 v2.58 Cross-referencing by name of section
 (d:/code/texlive/2026/texmf-dist/tex/latex/refcount/refcount.sty
Package: refcount 2019/12/15 v3.6 Data extraction from label references (HO)
) (d:/code/texlive/2026/texmf-dist/tex/generic/gettitlestring/gettitlestring.sty
Package: gettitlestring 2019/12/15 v1.6 Cleanup title references (HO)
 (d:/code/texlive/2026/texmf-dist/tex/latex/kvoptions/kvoptions.sty
Package: kvoptions 2022-06-15 v3.15 Key value format for package options (HO)
))
\c@section@level=\count297
) (d:/code/texlive/2026/texmf-dist/tex/latex/etoolbox/etoolbox.sty
Package: etoolbox 2025/10/02 v2.5m e-TeX tools for LaTeX (JAW)
\etb@tempcnta=\count298
) (d:/code/texlive/2026/texmf-dist/tex/generic/stringenc/stringenc.sty
Package: stringenc 2019/11/29 v1.12 Convert strings between diff. encodings (HO)
)
\@linkdim=\dimen163
\Hy@linkcounter=\count299
\Hy@pagecounter=\count300
 (d:/code/texlive/2026/texmf-dist/tex/latex/hyperref/pd1enc.def
File: pd1enc.def 2026-04-24 v7.01q Hyperref: PDFDocEncoding definition (HO)
Now handling font encoding PD1 ...
... no UTF-8 mapping file for font encoding PD1
) (d:/code/texlive/2026/texmf-dist/tex/generic/intcalc/intcalc.sty
Package: intcalc 2019/12/15 v1.3 Expandable calculations with integers (HO)
)
\Hy@SavedSpaceFactor=\count301
 (d:/code/texlive/2026/texmf-dist/tex/latex/hyperref/puenc.def
File: puenc.def 2026-04-24 v7.01q Hyperref: PDF Unicode definition (HO)
Now handling font encoding PU ...
... no UTF-8 mapping file for font encoding PU
)
Package hyperref Info: Option `colorlinks' set `true' on input line 4070.
Package hyperref Info: Hyper figures OFF on input line 4199.
Package hyperref Info: Link nesting OFF on input line 4204.
Package hyperref Info: Hyper index ON on input line 4207.
Package hyperref Info: Plain pages OFF on input line 4214.
Package hyperref Info: Backreferencing OFF on input line 4219.
Package hyperref Info: Implicit mode ON; LaTeX internals redefined.
Package hyperref Info: Bookmarks ON on input line 4466.
\c@Hy@tempcnt=\count302
 (d:/code/texlive/2026/texmf-dist/tex/latex/url/url.sty
\Urlmuskip=\muskip18
Package: url 2013/09/16  ver 3.4  Verb mode for urls, etc.
)
LaTeX Info: Redefining \url on input line 4805.
\XeTeXLinkMargin=\dimen164
 (d:/code/texlive/2026/texmf-dist/tex/generic/bitset/bitset.sty
Package: bitset 2019/12/09 v1.3 Handle bit-vector datatype (HO)
 (d:/code/texlive/2026/texmf-dist/tex/generic/bigintcalc/bigintcalc.sty
Package: bigintcalc 2019/12/15 v1.5 Expandable calculations on big integers (HO)
))
\Fld@menulength=\count303
\Field@Width=\dimen165
\Fld@charsize=\dimen166
Package hyperref Info: Hyper figures OFF on input line 6091.
Package hyperref Info: Link nesting OFF on input line 6096.
Package hyperref Info: Hyper index ON on input line 6099.
Package hyperref Info: backreferencing OFF on input line 6106.
Package hyperref Info: Link coloring ON on input line 6109.
Package hyperref Info: Link coloring with OCG OFF on input line 6116.
Package hyperref Info: PDF/A mode OFF on input line 6121.
\Hy@abspage=\count304
\c@Item=\count305
\c@Hfootnote=\count306
)
Package hyperref Info: Driver (autodetected): hpdftex.
 (d:/code/texlive/2026/texmf-dist/tex/latex/hyperref/hpdftex.def
File: hpdftex.def 2026-04-24 v7.01q Hyperref driver for pdfTeX
\Fld@listcount=\count307
\c@bookmark@seq@number=\count308
 (d:/code/texlive/2026/texmf-dist/tex/latex/rerunfilecheck/rerunfilecheck.sty
Package: rerunfilecheck 2025-06-21 v1.11 Rerun checks for auxiliary files (HO)
 (d:/code/texlive/2026/texmf-dist/tex/generic/uniquecounter/uniquecounter.sty
Package: uniquecounter 2019/12/15 v1.4 Provide unlimited unique counter (HO)
)
Package uniquecounter Info: New unique counter `rerunfilecheck' on input line 284.
)
\Hy@SectionHShift=\skip56
) (d:/code/texlive/2026/texmf-dist/tex/latex/graphics/color.sty
Package: color 2025/01/14 v1.3e Standard LaTeX Color (DPC)
 (d:/code/texlive/2026/texmf-dist/tex/latex/graphics-cfg/color.cfg
File: color.cfg 2016/01/02 v1.6 sample color configuration
)
Package color Info: Driver file: pdftex.def on input line 149.
 (d:/code/texlive/2026/texmf-dist/tex/latex/graphics-def/pdftex.def
File: pdftex.def 2025/09/29 v1.2d Graphics/color driver for pdftex
) (d:/code/texlive/2026/texmf-dist/tex/latex/graphics/mathcolor.ltx)) (d:/code/texlive/2026/texmf-dist/tex/latex/xcolor/xcolor.sty
Package: xcolor 2024/09/29 v3.02 LaTeX color extensions (UK)
 (d:/code/texlive/2026/texmf-dist/tex/latex/graphics-cfg/color.cfg
File: color.cfg 2016/01/02 v1.6 sample color configuration
)
Package xcolor Info: Driver file: pdftex.def on input line 274.
LaTeX Info: Redefining \color on input line 762.
 (d:/code/texlive/2026/texmf-dist/tex/latex/graphics/mathcolor.ltx)
Package xcolor Info: Model `cmy' substituted by `cmy0' on input line 1349.
Package xcolor Info: Model `hsb' substituted by `rgb' on input line 1353.
Package xcolor Info: Model `RGB' extended on input line 1365.
Package xcolor Info: Model `HTML' substituted by `rgb' on input line 1367.
Package xcolor Info: Model `Hsb' substituted by `hsb' on input line 1368.
Package xcolor Info: Model `tHsb' substituted by `hsb' on input line 1369.
Package xcolor Info: Model `HSB' substituted by `hsb' on input line 1370.
Package xcolor Info: Model `Gray' substituted by `gray' on input line 1371.
Package xcolor Info: Model `wave' substituted by `hsb' on input line 1372.
) (d:/code/texlive/2026/texmf-dist/tex/latex/tools/array.sty
Package: array 2025/09/25 v2.6n Tabular extension package (FMi)
\col@sep=\dimen167
\ar@mcellbox=\box55
\extrarowheight=\dimen168
\NC@list=\toks25
\extratabsurround=\skip57
\backup@length=\skip58
\ar@cellbox=\box56
) (d:/code/texlive/2026/texmf-dist/tex/latex/algorithmicx/algorithmicx.sty
Package: algorithmicx 2005/04/27 v1.2 Algorithmicx
 (d:/code/texlive/2026/texmf-dist/tex/latex/base/ifthen.sty
Package: ifthen 2024/03/16 v1.1e Standard LaTeX ifthen package (DPC)
)
Document Style algorithmicx 1.2 - a greatly improved `algorithmic' style
\c@ALG@line=\count309
\c@ALG@rem=\count310
\c@ALG@nested=\count311
\ALG@tlm=\skip59
\ALG@thistlm=\skip60
\c@ALG@Lnr=\count312
\c@ALG@blocknr=\count313
\c@ALG@storecount=\count314
\c@ALG@tmpcounter=\count315
\ALG@tmplength=\skip61
) (d:/code/texlive/2026/texmf-dist/tex/latex/algorithms/algorithm.sty
Package: algorithm 2009/08/24 v0.1 Document Style `algorithm' - floating environment
 (d:/code/texlive/2026/texmf-dist/tex/latex/float/float.sty
Package: float 2001/11/08 v1.3d Float enhancements (AL)
\c@float@type=\count316
\float@exts=\toks26
\float@box=\box57
\@float@everytoks=\toks27
\@floatcapt=\box58
)
\@float@every@algorithm=\toks28
\c@algorithm=\count317
) (d:/code/texlive/2026/texmf-dist/tex/latex/algorithmicx/algpseudocode.sty
Package: algpseudocode 

Document Style - pseudocode environments for use with the `algorithmicx' style
) (d:/code/texlive/2026/texmf-dist/tex/latex/tools/enumerate.sty
Package: enumerate 2023/07/04 v3.00 enumerate extensions (DPC)
\@enLab=\toks29
) (d:/code/texlive/2026/texmf-dist/tex/latex/colortbl/colortbl.sty
Package: colortbl 2026/05/01 v1.0l Color table columns (DPC)
\everycr=\toks30
\minrowclearance=\skip62
\rownum=\count318
)
\c@theorem=\count319
\c@cor=\count320
\c@lemma=\count321
\c@rem=\count322
\c@definition=\count323
\c@obs=\count324
\c@exam=\count325
 (d:/code/texlive/2026/texmf-dist/tex/latex/l3backend/l3backend-pdftex.def
File: l3backend-pdftex.def 2026-02-18 L3 backend support: PDF output (pdfTeX)
\l__color_backend_stack_int=\count326
) (./LastVersion.aux)
\openout1 = `LastVersion.aux'.

LaTeX Font Info:    Checking defaults for OML/cmm/m/it on input line 36.
LaTeX Font Info:    ... okay on input line 36.
LaTeX Font Info:    Checking defaults for OMS/cmsy/m/n on input line 36.
LaTeX Font Info:    ... okay on input line 36.
LaTeX Font Info:    Checking defaults for OT1/cmr/m/n on input line 36.
LaTeX Font Info:    ... okay on input line 36.
LaTeX Font Info:    Checking defaults for T1/cmr/m/n on input line 36.
LaTeX Font Info:    ... okay on input line 36.
LaTeX Font Info:    Checking defaults for TS1/cmr/m/n on input line 36.
LaTeX Font Info:    ... okay on input line 36.
LaTeX Font Info:    Checking defaults for OMX/cmex/m/n on input line 36.
LaTeX Font Info:    ... okay on input line 36.
LaTeX Font Info:    Checking defaults for U/cmr/m/n on input line 36.
LaTeX Font Info:    ... okay on input line 36.
LaTeX Font Info:    Checking defaults for PD1/pdf/m/n on input line 36.
LaTeX Font Info:    ... okay on input line 36.
LaTeX Font Info:    Checking defaults for PU/pdf/m/n on input line 36.
LaTeX Font Info:    ... okay on input line 36.
Package hyperref Info: Link coloring ON on input line 36.
 (./LastVersion.out) (./LastVersion.out)
\@outlinefile=\write3
\openout3 = `LastVersion.out'.

 (d:/code/texlive/2026/texmf-dist/tex/context/base/mkii/supp-pdf.mkii
[Loading MPS to PDF converter (version 2006.09.02).]
\scratchcounter=\count327
\scratchdimen=\dimen169
\scratchbox=\box59
\nofMPsegments=\count328
\nofMParguments=\count329
\everyMPshowfont=\toks31
\MPscratchCnt=\count330
\MPscratchDim=\dimen170
\MPnumerator=\count331
\makeMPintoPDFobject=\count332
\everyMPtoPDFconversion=\toks32
)
LaTeX Font Info:    Trying to load font information for U+msa on input line 40.
 (d:/code/texlive/2026/texmf-dist/tex/latex/amsfonts/umsa.fd
File: umsa.fd 2013/01/14 v3.01 AMS symbols A
)
LaTeX Font Info:    Trying to load font information for U+msb on input line 40.
 (d:/code/texlive/2026/texmf-dist/tex/latex/amsfonts/umsb.fd
File: umsb.fd 2013/01/14 v3.01 AMS symbols B
)
LaTeX Font Info:    Trying to load font information for U+lasy on input line 40.
 (d:/code/texlive/2026/texmf-dist/tex/latex/base/ulasy.fd
File: ulasy.fd 1998/08/17 v2.2e LaTeX symbol font definitions
) [1

{d:/code/texlive/2026/texmf-var/fonts/map/pdftex/updmap/pdftex.map}{d:/code/texlive/2026/texmf-dist/fonts/enc/dvips/cm-super/cm-super-ts1.enc}] [2] [3] [4] [5] [6] [7]
Underfull \hbox (badness 10000) in paragraph at lines 127--130

 []

[8]
Underfull \hbox (badness 10000) in paragraph at lines 159--160

 []


Package hyperref Warning: Token not allowed in a PDF string (Unicode):
(hyperref)                removing `math shift' on input line 169.


Package hyperref Warning: Token not allowed in a PDF string (Unicode):
(hyperref)                removing `\gamma' on input line 169.


Package hyperref Warning: Token not allowed in a PDF string (Unicode):
(hyperref)                removing `superscript' on input line 169.


Package hyperref Warning: Token not allowed in a PDF string (Unicode):
(hyperref)                removing `subscript' on input line 169.


Package hyperref Warning: Token not allowed in a PDF string (Unicode):
(hyperref)                removing `\max' on input line 169.


Package hyperref Warning: Token not allowed in a PDF string (Unicode):
(hyperref)                removing `superscript' on input line 169.


Package hyperref Warning: Token not allowed in a PDF string (Unicode):
(hyperref)                removing `math shift' on input line 169.


Package hyperref Warning: Token not allowed in a PDF string (Unicode):
(hyperref)                removing `math shift' on input line 169.


Package hyperref Warning: Token not allowed in a PDF string (Unicode):
(hyperref)                removing `\in' on input line 169.


Package hyperref Warning: Token not allowed in a PDF string (Unicode):
(hyperref)                removing `math shift' on input line 169.


Package hyperref Warning: Token not allowed in a PDF string (Unicode):
(hyperref)                removing `math shift' on input line 173.


Package hyperref Warning: Token not allowed in a PDF string (Unicode):
(hyperref)                removing `\beta' on input line 173.


Package hyperref Warning: Token not allowed in a PDF string (Unicode):
(hyperref)                removing `superscript' on input line 173.


Package hyperref Warning: Token not allowed in a PDF string (Unicode):
(hyperref)                removing `\epsilon' on input line 173.


Package hyperref Warning: Token not allowed in a PDF string (Unicode):
(hyperref)                removing `\gamma' on input line 173.


Package hyperref Warning: Token not allowed in a PDF string (Unicode):
(hyperref)                removing `superscript' on input line 173.


Package hyperref Warning: Token not allowed in a PDF string (Unicode):
(hyperref)                removing `subscript' on input line 173.


Package hyperref Warning: Token not allowed in a PDF string (Unicode):
(hyperref)                removing `\max' on input line 173.


Package hyperref Warning: Token not allowed in a PDF string (Unicode):
(hyperref)                removing `superscript' on input line 173.


Package hyperref Warning: Token not allowed in a PDF string (Unicode):
(hyperref)                removing `math shift' on input line 173.

[9]

Package hyperref Warning: Token not allowed in a PDF string (Unicode):
(hyperref)                removing `math shift' on input line 206.


Package hyperref Warning: Token not allowed in a PDF string (Unicode):
(hyperref)                removing `\beta' on input line 206.


Package hyperref Warning: Token not allowed in a PDF string (Unicode):
(hyperref)                removing `superscript' on input line 206.


Package hyperref Warning: Token not allowed in a PDF string (Unicode):
(hyperref)                removing `\epsilon' on input line 206.


Package hyperref Warning: Token not allowed in a PDF string (Unicode):
(hyperref)                removing `subscript' on input line 206.


Package hyperref Warning: Token not allowed in a PDF string (Unicode):
(hyperref)                removing `\max' on input line 206.


Package hyperref Warning: Token not allowed in a PDF string (Unicode):
(hyperref)                removing `superscript' on input line 206.


Package hyperref Warning: Token not allowed in a PDF string (Unicode):
(hyperref)                removing `subscript' on input line 206.


Package hyperref Warning: Token not allowed in a PDF string (Unicode):
(hyperref)                removing `superscript' on input line 206.


Package hyperref Warning: Token not allowed in a PDF string (Unicode):
(hyperref)                removing `math shift' on input line 206.


Package hyperref Warning: Token not allowed in a PDF string (Unicode):
(hyperref)                removing `math shift' on input line 222.


Package hyperref Warning: Token not allowed in a PDF string (Unicode):
(hyperref)                removing `\beta' on input line 222.


Package hyperref Warning: Token not allowed in a PDF string (Unicode):
(hyperref)                removing `superscript' on input line 222.


Package hyperref Warning: Token not allowed in a PDF string (Unicode):
(hyperref)                removing `subscript' on input line 222.


Package hyperref Warning: Token not allowed in a PDF string (Unicode):
(hyperref)                removing `\max' on input line 222.


Package hyperref Warning: Token not allowed in a PDF string (Unicode):
(hyperref)                removing `superscript' on input line 222.


Package hyperref Warning: Token not allowed in a PDF string (Unicode):
(hyperref)                removing `\leq' on input line 222.


Package hyperref Warning: Token not allowed in a PDF string (Unicode):
(hyperref)                removing `subscript' on input line 222.


Package hyperref Warning: Token not allowed in a PDF string (Unicode):
(hyperref)                removing `subscript' on input line 222.


Package hyperref Warning: Token not allowed in a PDF string (Unicode):
(hyperref)                removing `\max' on input line 222.


Package hyperref Warning: Token not allowed in a PDF string (Unicode):
(hyperref)                removing `superscript' on input line 222.


Package hyperref Warning: Token not allowed in a PDF string (Unicode):
(hyperref)                removing `\leq' on input line 222.


Package hyperref Warning: Token not allowed in a PDF string (Unicode):
(hyperref)                removing `subscript' on input line 222.


Package hyperref Warning: Token not allowed in a PDF string (Unicode):
(hyperref)                removing `math shift' on input line 222.

[10]

Package hyperref Warning: Token not allowed in a PDF string (Unicode):
(hyperref)                removing `math shift' on input line 260.


Package hyperref Warning: Token not allowed in a PDF string (Unicode):
(hyperref)                removing `\beta' on input line 260.


Package hyperref Warning: Token not allowed in a PDF string (Unicode):
(hyperref)                removing `superscript' on input line 260.


Package hyperref Warning: Token not allowed in a PDF string (Unicode):
(hyperref)                removing `\gamma' on input line 260.


Package hyperref Warning: Token not allowed in a PDF string (Unicode):
(hyperref)                removing `superscript' on input line 260.


Package hyperref Warning: Token not allowed in a PDF string (Unicode):
(hyperref)                removing `subscript' on input line 260.


Package hyperref Warning: Token not allowed in a PDF string (Unicode):
(hyperref)                removing `\max' on input line 260.


Package hyperref Warning: Token not allowed in a PDF string (Unicode):
(hyperref)                removing `superscript' on input line 260.


Package hyperref Warning: Token not allowed in a PDF string (Unicode):
(hyperref)                removing `math shift' on input line 260.


Package hyperref Warning: Token not allowed in a PDF string (Unicode):
(hyperref)                removing `math shift' on input line 279.


Package hyperref Warning: Token not allowed in a PDF string (Unicode):
(hyperref)                removing `math shift' on input line 279.

[11]

Package hyperref Warning: Token not allowed in a PDF string (Unicode):
(hyperref)                removing `math shift' on input line 295.


Package hyperref Warning: Token not allowed in a PDF string (Unicode):
(hyperref)                removing `math shift' on input line 295.


Package hyperref Warning: Token not allowed in a PDF string (Unicode):
(hyperref)                removing `math shift' on input line 295.


Package hyperref Warning: Token not allowed in a PDF string (Unicode):
(hyperref)                removing `\beta' on input line 295.


Package hyperref Warning: Token not allowed in a PDF string (Unicode):
(hyperref)                removing `superscript' on input line 295.


Package hyperref Warning: Token not allowed in a PDF string (Unicode):
(hyperref)                removing `\sum@' on input line 295.


Package hyperref Warning: Token not allowed in a PDF string (Unicode):
(hyperref)                removing `\slimits@' on input line 295.


Package hyperref Warning: Token not allowed in a PDF string (Unicode):
(hyperref)                removing `subscript' on input line 295.


Package hyperref Warning: Token not allowed in a PDF string (Unicode):
(hyperref)                removing `superscript' on input line 295.


Package hyperref Warning: Token not allowed in a PDF string (Unicode):
(hyperref)                removing `subscript' on input line 295.


Package hyperref Warning: Token not allowed in a PDF string (Unicode):
(hyperref)                removing `superscript' on input line 295.


Package hyperref Warning: Token not allowed in a PDF string (Unicode):
(hyperref)                removing `\leq' on input line 295.


Package hyperref Warning: Token not allowed in a PDF string (Unicode):
(hyperref)                removing `subscript' on input line 295.


Package hyperref Warning: Token not allowed in a PDF string (Unicode):
(hyperref)                removing `\sum@' on input line 295.


Package hyperref Warning: Token not allowed in a PDF string (Unicode):
(hyperref)                removing `\slimits@' on input line 295.


Package hyperref Warning: Token not allowed in a PDF string (Unicode):
(hyperref)                removing `subscript' on input line 295.


Package hyperref Warning: Token not allowed in a PDF string (Unicode):
(hyperref)                removing `superscript' on input line 295.


Package hyperref Warning: Token not allowed in a PDF string (Unicode):
(hyperref)                removing `subscript' on input line 295.


Package hyperref Warning: Token not allowed in a PDF string (Unicode):
(hyperref)                removing `superscript' on input line 295.


Package hyperref Warning: Token not allowed in a PDF string (Unicode):
(hyperref)                removing `\leq' on input line 295.


Package hyperref Warning: Token not allowed in a PDF string (Unicode):
(hyperref)                removing `subscript' on input line 295.


Package hyperref Warning: Token not allowed in a PDF string (Unicode):
(hyperref)                removing `math shift' on input line 295.


Underfull \hbox (badness 1430) in paragraph at lines 308--310
[]\OT1/cmr/m/n/12 The de-ci-sion is to find whether there is a sched-ule $\OML/cmm/m/it/12 ^^Z$ \OT1/cmr/m/n/12 (called \OT1/cmr/m/it/12 nor-mal\OT1/cmr/m/n/12 ) with
 []

[12]
Underfull \hbox (badness 10000) in paragraph at lines 352--358

 []


Package hyperref Warning: Token not allowed in a PDF string (Unicode):
(hyperref)                removing `math shift' on input line 365.


Package hyperref Warning: Token not allowed in a PDF string (Unicode):
(hyperref)                removing `math shift' on input line 365.


Package hyperref Warning: Token not allowed in a PDF string (Unicode):
(hyperref)                removing `math shift' on input line 365.


Package hyperref Warning: Token not allowed in a PDF string (Unicode):
(hyperref)                removing `\beta' on input line 365.


Package hyperref Warning: Token not allowed in a PDF string (Unicode):
(hyperref)                removing `superscript' on input line 365.


Package hyperref Warning: Token not allowed in a PDF string (Unicode):
(hyperref)                removing `\sum@' on input line 365.


Package hyperref Warning: Token not allowed in a PDF string (Unicode):
(hyperref)                removing `\slimits@' on input line 365.


Package hyperref Warning: Token not allowed in a PDF string (Unicode):
(hyperref)                removing `subscript' on input line 365.


Package hyperref Warning: Token not allowed in a PDF string (Unicode):
(hyperref)                removing `superscript' on input line 365.


Package hyperref Warning: Token not allowed in a PDF string (Unicode):
(hyperref)                removing `subscript' on input line 365.


Package hyperref Warning: Token not allowed in a PDF string (Unicode):
(hyperref)                removing `superscript' on input line 365.


Package hyperref Warning: Token not allowed in a PDF string (Unicode):
(hyperref)                removing `\leq' on input line 365.


Package hyperref Warning: Token not allowed in a PDF string (Unicode):
(hyperref)                removing `subscript' on input line 365.


Package hyperref Warning: Token not allowed in a PDF string (Unicode):
(hyperref)                removing `\sum@' on input line 365.


Package hyperref Warning: Token not allowed in a PDF string (Unicode):
(hyperref)                removing `\slimits@' on input line 365.


Package hyperref Warning: Token not allowed in a PDF string (Unicode):
(hyperref)                removing `subscript' on input line 365.


Package hyperref Warning: Token not allowed in a PDF string (Unicode):
(hyperref)                removing `superscript' on input line 365.


Package hyperref Warning: Token not allowed in a PDF string (Unicode):
(hyperref)                removing `subscript' on input line 365.


Package hyperref Warning: Token not allowed in a PDF string (Unicode):
(hyperref)                removing `superscript' on input line 365.


Package hyperref Warning: Token not allowed in a PDF string (Unicode):
(hyperref)                removing `\leq' on input line 365.


Package hyperref Warning: Token not allowed in a PDF string (Unicode):
(hyperref)                removing `subscript' on input line 365.


Package hyperref Warning: Token not allowed in a PDF string (Unicode):
(hyperref)                removing `math shift' on input line 365.

[13]
Underfull \hbox (badness 1430) in paragraph at lines 378--380
[]\OT1/cmr/m/n/12 The de-ci-sion is to find whether there is a sched-ule $\OML/cmm/m/it/12 ^^Z$ \OT1/cmr/m/n/12 (called \OT1/cmr/m/it/12 nor-mal\OT1/cmr/m/n/12 ) with
 []

[14]
Underfull \hbox (badness 10000) in paragraph at lines 435--439

 []


Package hyperref Warning: Token not allowed in a PDF string (Unicode):
(hyperref)                removing `math shift' on input line 445.


Package hyperref Warning: Token not allowed in a PDF string (Unicode):
(hyperref)                removing `math shift' on input line 445.


Package hyperref Warning: Token not allowed in a PDF string (Unicode):
(hyperref)                removing `math shift' on input line 445.


Package hyperref Warning: Token not allowed in a PDF string (Unicode):
(hyperref)                removing `\beta' on input line 445.


Package hyperref Warning: Token not allowed in a PDF string (Unicode):
(hyperref)                removing `superscript' on input line 445.


Package hyperref Warning: Token not allowed in a PDF string (Unicode):
(hyperref)                removing `\sum@' on input line 445.


Package hyperref Warning: Token not allowed in a PDF string (Unicode):
(hyperref)                removing `\slimits@' on input line 445.


Package hyperref Warning: Token not allowed in a PDF string (Unicode):
(hyperref)                removing `subscript' on input line 445.


Package hyperref Warning: Token not allowed in a PDF string (Unicode):
(hyperref)                removing `superscript' on input line 445.


Package hyperref Warning: Token not allowed in a PDF string (Unicode):
(hyperref)                removing `\leq' on input line 445.


Package hyperref Warning: Token not allowed in a PDF string (Unicode):
(hyperref)                removing `subscript' on input line 445.


Package hyperref Warning: Token not allowed in a PDF string (Unicode):
(hyperref)                removing `\sum@' on input line 445.


Package hyperref Warning: Token not allowed in a PDF string (Unicode):
(hyperref)                removing `\slimits@' on input line 445.


Package hyperref Warning: Token not allowed in a PDF string (Unicode):
(hyperref)                removing `subscript' on input line 445.


Package hyperref Warning: Token not allowed in a PDF string (Unicode):
(hyperref)                removing `superscript' on input line 445.


Package hyperref Warning: Token not allowed in a PDF string (Unicode):
(hyperref)                removing `\leq' on input line 445.


Package hyperref Warning: Token not allowed in a PDF string (Unicode):
(hyperref)                removing `subscript' on input line 445.


Package hyperref Warning: Token not allowed in a PDF string (Unicode):
(hyperref)                removing `math shift' on input line 445.

[15]
Underfull \hbox (badness 10000) in paragraph at lines 498--503

 []

[16]

Package hyperref Warning: Token not allowed in a PDF string (Unicode):
(hyperref)                removing `math shift' on input line 519.


Package hyperref Warning: Token not allowed in a PDF string (Unicode):
(hyperref)                removing `math shift' on input line 519.


Package hyperref Warning: Token not allowed in a PDF string (Unicode):
(hyperref)                removing `math shift' on input line 519.


Package hyperref Warning: Token not allowed in a PDF string (Unicode):
(hyperref)                removing `\beta' on input line 519.


Package hyperref Warning: Token not allowed in a PDF string (Unicode):
(hyperref)                removing `superscript' on input line 519.


Package hyperref Warning: Token not allowed in a PDF string (Unicode):
(hyperref)                removing `\sum@' on input line 519.


Package hyperref Warning: Token not allowed in a PDF string (Unicode):
(hyperref)                removing `\slimits@' on input line 519.


Package hyperref Warning: Token not allowed in a PDF string (Unicode):
(hyperref)                removing `subscript' on input line 519.


Package hyperref Warning: Token not allowed in a PDF string (Unicode):
(hyperref)                removing `superscript' on input line 519.


Package hyperref Warning: Token not allowed in a PDF string (Unicode):
(hyperref)                removing `\leq' on input line 519.


Package hyperref Warning: Token not allowed in a PDF string (Unicode):
(hyperref)                removing `subscript' on input line 519.


Package hyperref Warning: Token not allowed in a PDF string (Unicode):
(hyperref)                removing `\sum@' on input line 519.


Package hyperref Warning: Token not allowed in a PDF string (Unicode):
(hyperref)                removing `\slimits@' on input line 519.


Package hyperref Warning: Token not allowed in a PDF string (Unicode):
(hyperref)                removing `subscript' on input line 519.


Package hyperref Warning: Token not allowed in a PDF string (Unicode):
(hyperref)                removing `superscript' on input line 519.


Package hyperref Warning: Token not allowed in a PDF string (Unicode):
(hyperref)                removing `subscript' on input line 519.


Package hyperref Warning: Token not allowed in a PDF string (Unicode):
(hyperref)                removing `superscript' on input line 519.


Package hyperref Warning: Token not allowed in a PDF string (Unicode):
(hyperref)                removing `\leq' on input line 519.


Package hyperref Warning: Token not allowed in a PDF string (Unicode):
(hyperref)                removing `subscript' on input line 519.


Package hyperref Warning: Token not allowed in a PDF string (Unicode):
(hyperref)                removing `math shift' on input line 519.


Package hyperref Warning: Token not allowed in a PDF string (Unicode):
(hyperref)                removing `math shift' on input line 527.


Package hyperref Warning: Token not allowed in a PDF string (Unicode):
(hyperref)                removing `math shift' on input line 527.


Package hyperref Warning: Token not allowed in a PDF string (Unicode):
(hyperref)                removing `math shift' on input line 527.


Package hyperref Warning: Token not allowed in a PDF string (Unicode):
(hyperref)                removing `\beta' on input line 527.


Package hyperref Warning: Token not allowed in a PDF string (Unicode):
(hyperref)                removing `superscript' on input line 527.


Package hyperref Warning: Token not allowed in a PDF string (Unicode):
(hyperref)                removing `\sum@' on input line 527.


Package hyperref Warning: Token not allowed in a PDF string (Unicode):
(hyperref)                removing `\slimits@' on input line 527.


Package hyperref Warning: Token not allowed in a PDF string (Unicode):
(hyperref)                removing `subscript' on input line 527.


Package hyperref Warning: Token not allowed in a PDF string (Unicode):
(hyperref)                removing `superscript' on input line 527.


Package hyperref Warning: Token not allowed in a PDF string (Unicode):
(hyperref)                removing `\leq' on input line 527.


Package hyperref Warning: Token not allowed in a PDF string (Unicode):
(hyperref)                removing `subscript' on input line 527.


Package hyperref Warning: Token not allowed in a PDF string (Unicode):
(hyperref)                removing `\sum@' on input line 527.


Package hyperref Warning: Token not allowed in a PDF string (Unicode):
(hyperref)                removing `\slimits@' on input line 527.


Package hyperref Warning: Token not allowed in a PDF string (Unicode):
(hyperref)                removing `subscript' on input line 527.


Package hyperref Warning: Token not allowed in a PDF string (Unicode):
(hyperref)                removing `superscript' on input line 527.


Package hyperref Warning: Token not allowed in a PDF string (Unicode):
(hyperref)                removing `subscript' on input line 527.


Package hyperref Warning: Token not allowed in a PDF string (Unicode):
(hyperref)                removing `superscript' on input line 527.


Package hyperref Warning: Token not allowed in a PDF string (Unicode):
(hyperref)                removing `\leq' on input line 527.


Package hyperref Warning: Token not allowed in a PDF string (Unicode):
(hyperref)                removing `subscript' on input line 527.


Package hyperref Warning: Token not allowed in a PDF string (Unicode):
(hyperref)                removing `math shift' on input line 527.


Underfull \hbox (badness 1365) in paragraph at lines 533--534
\OT1/cmr/bx/n/12 Proof. \OT1/cmr/m/n/12 Given an in-stance $^^H = (\OML/cmm/m/it/12 z[]; z[]; [] ; z[]\OT1/cmr/m/n/12 ; \OML/cmm/m/it/12 Z\OT1/cmr/m/n/12 )$ of $[]$, we build an in-stance
 []


Underfull \hbox (badness 1924) in paragraph at lines 533--534
\OT1/cmr/m/n/12 	$ of $1\OMS/cmsy/m/n/12 j\OML/cmm/m/it/12 ^^L[]; [] Y[] \OMS/cmsy/m/n/12 ^^T \OML/cmm/m/it/12 Q[]; [] w[]U[] \OMS/cmsy/m/n/12 ^^T \OML/cmm/m/it/12 Q[]\OMS/cmsy/m/n/12 j^^@$ \OT1/cmr/m/n/12 as fol-lows: (i) for $\OML/cmm/m/it/12 X \OMS/cmsy/m/n/12 2 f\OML/cmm/m/it/12 A; B\OMS/cmsy/m/n/12 g$\OT1/cmr/m/n/12 ,
 []


Underfull \hbox (badness 10000) in paragraph at lines 533--534

 []


Package hyperref Warning: Token not allowed in a PDF string (Unicode):
(hyperref)                removing `math shift' on input line 541.


Package hyperref Warning: Token not allowed in a PDF string (Unicode):
(hyperref)                removing `math shift' on input line 541.


Package hyperref Warning: Token not allowed in a PDF string (Unicode):
(hyperref)                removing `math shift' on input line 541.


Package hyperref Warning: Token not allowed in a PDF string (Unicode):
(hyperref)                removing `\beta' on input line 541.


Package hyperref Warning: Token not allowed in a PDF string (Unicode):
(hyperref)                removing `superscript' on input line 541.


Package hyperref Warning: Token not allowed in a PDF string (Unicode):
(hyperref)                removing `\sum@' on input line 541.


Package hyperref Warning: Token not allowed in a PDF string (Unicode):
(hyperref)                removing `\slimits@' on input line 541.


Package hyperref Warning: Token not allowed in a PDF string (Unicode):
(hyperref)                removing `subscript' on input line 541.


Package hyperref Warning: Token not allowed in a PDF string (Unicode):
(hyperref)                removing `superscript' on input line 541.


Package hyperref Warning: Token not allowed in a PDF string (Unicode):
(hyperref)                removing `\leq' on input line 541.


Package hyperref Warning: Token not allowed in a PDF string (Unicode):
(hyperref)                removing `subscript' on input line 541.


Package hyperref Warning: Token not allowed in a PDF string (Unicode):
(hyperref)                removing `\sum@' on input line 541.


Package hyperref Warning: Token not allowed in a PDF string (Unicode):
(hyperref)                removing `\slimits@' on input line 541.


Package hyperref Warning: Token not allowed in a PDF string (Unicode):
(hyperref)                removing `subscript' on input line 541.


Package hyperref Warning: Token not allowed in a PDF string (Unicode):
(hyperref)                removing `superscript' on input line 541.


Package hyperref Warning: Token not allowed in a PDF string (Unicode):
(hyperref)                removing `\leq' on input line 541.


Package hyperref Warning: Token not allowed in a PDF string (Unicode):
(hyperref)                removing `subscript' on input line 541.


Package hyperref Warning: Token not allowed in a PDF string (Unicode):
(hyperref)                removing `math shift' on input line 541.


Underfull \hbox (badness 10000) in paragraph at lines 547--548

 []

[17]

Package hyperref Warning: Token not allowed in a PDF string (Unicode):
(hyperref)                removing `math shift' on input line 556.


Package hyperref Warning: Token not allowed in a PDF string (Unicode):
(hyperref)                removing `\beta' on input line 556.


Package hyperref Warning: Token not allowed in a PDF string (Unicode):
(hyperref)                removing `superscript' on input line 556.


Package hyperref Warning: Token not allowed in a PDF string (Unicode):
(hyperref)                removing `subscript' on input line 556.


Package hyperref Warning: Token not allowed in a PDF string (Unicode):
(hyperref)                removing `superscript' on input line 556.


Package hyperref Warning: Token not allowed in a PDF string (Unicode):
(hyperref)                removing `subscript' on input line 556.


Package hyperref Warning: Token not allowed in a PDF string (Unicode):
(hyperref)                removing `superscript' on input line 556.


Package hyperref Warning: Token not allowed in a PDF string (Unicode):
(hyperref)                removing `math shift' on input line 556.

[18]
Underfull \hbox (badness 10000) in paragraph at lines 576--579

 []

[19]
Underfull \hbox (badness 10000) in paragraph at lines 653--654

 []


Package hyperref Warning: Token not allowed in a PDF string (Unicode):
(hyperref)                removing `math shift' on input line 667.


Package hyperref Warning: Token not allowed in a PDF string (Unicode):
(hyperref)                removing `\beta' on input line 667.


Package hyperref Warning: Token not allowed in a PDF string (Unicode):
(hyperref)                removing `superscript' on input line 667.


Package hyperref Warning: Token not allowed in a PDF string (Unicode):
(hyperref)                removing `\epsilon' on input line 667.


Package hyperref Warning: Token not allowed in a PDF string (Unicode):
(hyperref)                removing `subscript' on input line 667.


Package hyperref Warning: Token not allowed in a PDF string (Unicode):
(hyperref)                removing `superscript' on input line 667.


Package hyperref Warning: Token not allowed in a PDF string (Unicode):
(hyperref)                removing `subscript' on input line 667.


Package hyperref Warning: Token not allowed in a PDF string (Unicode):
(hyperref)                removing `superscript' on input line 667.


Package hyperref Warning: Token not allowed in a PDF string (Unicode):
(hyperref)                removing `math shift' on input line 667.

[20]

Package hyperref Warning: Token not allowed in a PDF string (Unicode):
(hyperref)                removing `math shift' on input line 685.


Package hyperref Warning: Token not allowed in a PDF string (Unicode):
(hyperref)                removing `\beta' on input line 685.


Package hyperref Warning: Token not allowed in a PDF string (Unicode):
(hyperref)                removing `superscript' on input line 685.


Package hyperref Warning: Token not allowed in a PDF string (Unicode):
(hyperref)                removing `\epsilon' on input line 685.


Package hyperref Warning: Token not allowed in a PDF string (Unicode):
(hyperref)                removing `subscript' on input line 685.


Package hyperref Warning: Token not allowed in a PDF string (Unicode):
(hyperref)                removing `superscript' on input line 685.


Package hyperref Warning: Token not allowed in a PDF string (Unicode):
(hyperref)                removing `subscript' on input line 685.


Package hyperref Warning: Token not allowed in a PDF string (Unicode):
(hyperref)                removing `superscript' on input line 685.


Package hyperref Warning: Token not allowed in a PDF string (Unicode):
(hyperref)                removing `math shift' on input line 685.

[21]

Package hyperref Warning: Token not allowed in a PDF string (Unicode):
(hyperref)                removing `math shift' on input line 735.


Package hyperref Warning: Token not allowed in a PDF string (Unicode):
(hyperref)                removing `\beta' on input line 735.


Package hyperref Warning: Token not allowed in a PDF string (Unicode):
(hyperref)                removing `superscript' on input line 735.


Package hyperref Warning: Token not allowed in a PDF string (Unicode):
(hyperref)                removing `\epsilon' on input line 735.


Package hyperref Warning: Token not allowed in a PDF string (Unicode):
(hyperref)                removing `subscript' on input line 735.


Package hyperref Warning: Token not allowed in a PDF string (Unicode):
(hyperref)                removing `superscript' on input line 735.


Package hyperref Warning: Token not allowed in a PDF string (Unicode):
(hyperref)                removing `subscript' on input line 735.


Package hyperref Warning: Token not allowed in a PDF string (Unicode):
(hyperref)                removing `superscript' on input line 735.


Package hyperref Warning: Token not allowed in a PDF string (Unicode):
(hyperref)                removing `math shift' on input line 735.

[22] [23]
Underfull \hbox (badness 10000) in paragraph at lines 825--830

 []

[24]
Underfull \hbox (badness 10000) in paragraph at lines 882--884

 []


Package hyperref Warning: Token not allowed in a PDF string (Unicode):
(hyperref)                removing `math shift' on input line 887.


Package hyperref Warning: Token not allowed in a PDF string (Unicode):
(hyperref)                removing `\beta' on input line 887.


Package hyperref Warning: Token not allowed in a PDF string (Unicode):
(hyperref)                removing `superscript' on input line 887.


Package hyperref Warning: Token not allowed in a PDF string (Unicode):
(hyperref)                removing `\epsilon' on input line 887.


Package hyperref Warning: Token not allowed in a PDF string (Unicode):
(hyperref)                removing `subscript' on input line 887.


Package hyperref Warning: Token not allowed in a PDF string (Unicode):
(hyperref)                removing `superscript' on input line 887.


Package hyperref Warning: Token not allowed in a PDF string (Unicode):
(hyperref)                removing `subscript' on input line 887.


Package hyperref Warning: Token not allowed in a PDF string (Unicode):
(hyperref)                removing `superscript' on input line 887.


Package hyperref Warning: Token not allowed in a PDF string (Unicode):
(hyperref)                removing `math shift' on input line 887.

[25] [26]
Underfull \hbox (badness 10000) in paragraph at lines 955--956

 []


Package hyperref Warning: Token not allowed in a PDF string (Unicode):
(hyperref)                removing `math shift' on input line 963.


Package hyperref Warning: Token not allowed in a PDF string (Unicode):
(hyperref)                removing `\epsilon' on input line 963.


Package hyperref Warning: Token not allowed in a PDF string (Unicode):
(hyperref)                removing `math shift' on input line 963.


Package hyperref Warning: Token not allowed in a PDF string (Unicode):
(hyperref)                removing `math shift' on input line 963.


Package hyperref Warning: Token not allowed in a PDF string (Unicode):
(hyperref)                removing `\beta' on input line 963.


Package hyperref Warning: Token not allowed in a PDF string (Unicode):
(hyperref)                removing `superscript' on input line 963.


Package hyperref Warning: Token not allowed in a PDF string (Unicode):
(hyperref)                removing `subscript' on input line 963.


Package hyperref Warning: Token not allowed in a PDF string (Unicode):
(hyperref)                removing `superscript' on input line 963.


Package hyperref Warning: Token not allowed in a PDF string (Unicode):
(hyperref)                removing `subscript' on input line 963.


Package hyperref Warning: Token not allowed in a PDF string (Unicode):
(hyperref)                removing `superscript' on input line 963.


Package hyperref Warning: Token not allowed in a PDF string (Unicode):
(hyperref)                removing `math shift' on input line 963.

[27]
Underfull \hbox (badness 10000) in paragraph at lines 986--991

 []

[28]
Underfull \hbox (badness 6559) in paragraph at lines 1022--1023
\OT1/cmr/m/it/12 then a $\OT1/cmr/m/n/12 (1 + \OML/cmm/m/it/12 ^^O; \OT1/cmr/m/n/12 1 + \OML/cmm/m/it/12 ^^O\OT1/cmr/m/n/12 )$\OT1/cmr/m/it/12 -approximate POF is gen-er-ated for $\OT1/cmr/m/n/12 1\OMS/cmsy/m/n/12 j\OML/cmm/m/it/12 ^^L[]\OMS/cmsy/m/n/12 j\OT1/cmr/m/n/12 #(\OML/cmm/m/it/12 f[]; f[]\OT1/cmr/m/n/12 )$ \OT1/cmr/m/it/12 in
 []

[29] [30
pdfTeX warning (ext4): destination with the same identifier (name{table.1}) has been already used, duplicate ignored
<argument> ...shipout:D \box_use:N \l_shipout_box 
                                                  \__shipout_drop_firstpage_...
l.1111 
       ] [31
pdfTeX warning (ext4): destination with the same identifier (name{table.2}) has been already used, duplicate ignored
<argument> ...shipout:D \box_use:N \l_shipout_box 
                                                  \__shipout_drop_firstpage_...
l.1117 
       ] [32
pdfTeX warning (ext4): destination with the same identifier (name{table.3}) has been already used, duplicate ignored
<argument> ...shipout:D \box_use:N \l_shipout_box 
                                                  \__shipout_drop_firstpage_...
l.1157 
       ] [33] [34
pdfTeX warning (ext4): destination with the same identifier (name{table.4}) has been already used, duplicate ignored
<argument> ...shipout:D \box_use:N \l_shipout_box 
                                                  \__shipout_drop_firstpage_...
l.1205 
       ] (./LastVersion.bbl [35]
Underfull \hbox (badness 2293) in paragraph at lines 4--8
[]\OT1/cmr/m/n/12 Agnetis, A., Bil-laut, J. C., Gaw-iejnow-icz, S., Pac-cia-relli, D., and Soukhal, A.
 []


Underfull \hbox (badness 2150) in paragraph at lines 16--20
\OT1/cmr/m/n/12 ing prob-lems with two com-pet-ing agents.  \OT1/cmr/m/it/12 Op-er-a-tions Re-search\OT1/cmr/m/n/12 , 52(2):229--242.
 []

LaTeX Font Info:    Trying to load font information for OML+cmr on input line 43.
(d:/code/texlive/2026/texmf-dist/tex/latex/base/omlcmr.fd
File: omlcmr.fd 2024/11/19 v2.5n Standard LaTeX font definitions
)
LaTeX Font Info:    Font shape `OML/cmr/m/n' in size <12> not available
(Font)              Font shape `OML/cmm/m/it' tried instead on input line 43.
 [36]
Underfull \hbox (badness 3291) in paragraph at lines 94--98
[]\OT1/cmr/m/n/12 Fowler, J. W. and Monch, L. (2022).  A sur-vey of schedul-ing with par-al-lel
 []


Underfull \hbox (badness 3838) in paragraph at lines 100--104
[]\OT1/cmr/m/n/12 Freud, D. and Mosheiov, G. (2021).  Schedul-ing with com-pet-ing agents, to-
 []

[37]
Underfull \hbox (badness 1460) in paragraph at lines 147--151
\OT1/cmr/m/n/12 energy-efficient schedul-ing on a sin-gle batch-processing ma-chine in semi-con-duc-tor
 []


Underfull \hbox (badness 2119) in paragraph at lines 147--151
\OT1/cmr/m/n/12 man-u-fac-tur-ing.  \OT1/cmr/m/it/12 In-ter-na-tional Jour-nal of Pro-duc-tion Re-search\OT1/cmr/m/n/12 , 62(18):6449--6472.
 []


Underfull \hbox (badness 1264) in paragraph at lines 177--181
[]\OT1/cmr/m/n/12 Lee, C. Y., Uz-soy, R., and Martin-Vega, L. A. (1992).  Ef-fi-cient al-go-rithms for
 []


Underfull \hbox (badness 3189) in paragraph at lines 183--187
[]\OT1/cmr/m/n/12 Lei, D. and Dai, T. (2024).  An adap-tive shuf-fled frog-leaping al-go-rithm for
 []


Underfull \hbox (badness 2573) in paragraph at lines 183--187
\OT1/cmr/m/n/12 par-al-lel batch pro-cess-ing ma-chines schedul-ing with ma-chine el-i-gi-bil-ity in fab-ric
 []


Underfull \hbox (badness 1502) in paragraph at lines 183--187
\OT1/cmr/m/n/12 dye-ing pro-cess.  \OT1/cmr/m/it/12 In-ter-na-tional Jour-nal of Pro-duc-tion Re-search\OT1/cmr/m/n/12 , 62(21):7704--7721.
 []


Underfull \hbox (badness 1297) in paragraph at lines 189--193
[]\OT1/cmr/m/n/12 Li, C., Wang, F., Gupta, J. N. D., and Chung, T. (2022).  Schedul-ing iden-ti-
 []

[38]
Underfull \hbox (badness 2707) in paragraph at lines 207--211
[]\OT1/cmr/m/n/12 Li, S. S., Chen, R. X., and Tian, J. (2020).  Mul-ti-task-ing schedul-ing prob-
 []


Underfull \hbox (badness 1742) in paragraph at lines 207--211
\OT1/cmr/m/n/12 lems with two com-pet-i-tive agents.  \OT1/cmr/m/it/12 En-gi-neer-ing Op-ti-miza-tion\OT1/cmr/m/n/12 , 52(11):1940--1956.
 []

[39]
Underfull \hbox (badness 1072) in paragraph at lines 267--271
[]\OT1/cmr/m/n/12 Phosavanh, J. and Oron, D. (2024).  Two-agent single-machine schedul-ing with a
 []


Underfull \hbox (badness 2790) in paragraph at lines 273--277
[]\OT1/cmr/m/n/12 Rania, M. V. and Mathi-ra-jan, M. (2023).  A state-of-art re-view and a sim-
 []

[40]) [41] (./LastVersion.aux)
 ***********
LaTeX2e <2025-11-01>
L3 programming layer <2026-05-15>
 ***********
Package rerunfilecheck Info: File `LastVersion.out' has not changed.
(rerunfilecheck)             Checksum: D5E95B81EB3D8659691C7356B78D2973;5770.
 ) 
Here is how much of TeX's memory you used:
 11729 strings out of 467340
 177974 string characters out of 5416931
 666793 words of memory out of 5000000
 40464 multiletter control sequences out of 15000+600000
 647197 words of font info for 116 fonts, out of 8000000 for 9000
 1141 hyphenation exceptions out of 8191
 75i,12n,79p,2517b,677s stack positions out of 10000i,1000n,20000p,200000b,200000s
<d:/code/texlive/2026/texmf-dist/fonts/type1/public/amsfonts/cm/cmbx10.pfb><d:/code/texlive/2026/texmf-dist/fonts/type1/public/amsfonts/cm/cmbx12.pfb><d:/code/texlive/2026/texmf-dist/fonts/type1/public/amsfonts/cm/cmbx7.pfb><d:/code/texlive/2026/texmf-dist/fonts/type1/public/amsfonts/cm/cmbx8.pfb><d:/code/texlive/2026/texmf-dist/fonts/type1/public/amsfonts/cm/cmbxti10.pfb><d:/code/texlive/2026/texmf-dist/fonts/type1/public/amsfonts/cm/cmex10.pfb><d:/code/texlive/2026/texmf-dist/fonts/type1/public/amsfonts/cm/cmmi10.pfb><d:/code/texlive/2026/texmf-dist/fonts/type1/public/amsfonts/cm/cmmi12.pfb><d:/code/texlive/2026/texmf-dist/fonts/type1/public/amsfonts/cm/cmmi5.pfb><d:/code/texlive/2026/texmf-dist/fonts/type1/public/amsfonts/cm/cmmi6.pfb><d:/code/texlive/2026/texmf-dist/fonts/type1/public/amsfonts/cm/cmmi7.pfb><d:/code/texlive/2026/texmf-dist/fonts/type1/public/amsfonts/cm/cmmi8.pfb><d:/code/texlive/2026/texmf-dist/fonts/type1/public/amsfonts/cm/cmr10.pfb><d:/code/texlive/2026/texmf-dist/fonts/type1/public/amsfonts/cm/cmr12.pfb><d:/code/texlive/2026/texmf-dist/fonts/type1/public/amsfonts/cm/cmr17.pfb><d:/code/texlive/2026/texmf-dist/fonts/type1/public/amsfonts/cm/cmr6.pfb><d:/code/texlive/2026/texmf-dist/fonts/type1/public/amsfonts/cm/cmr7.pfb><d:/code/texlive/2026/texmf-dist/fonts/type1/public/amsfonts/cm/cmr8.pfb><d:/code/texlive/2026/texmf-dist/fonts/type1/public/amsfonts/cm/cmsy10.pfb><d:/code/texlive/2026/texmf-dist/fonts/type1/public/amsfonts/cm/cmsy6.pfb><d:/code/texlive/2026/texmf-dist/fonts/type1/public/amsfonts/cm/cmsy7.pfb><d:/code/texlive/2026/texmf-dist/fonts/type1/public/amsfonts/cm/cmsy8.pfb><d:/code/texlive/2026/texmf-dist/fonts/type1/public/amsfonts/cm/cmti12.pfb><d:/code/texlive/2026/texmf-dist/fonts/type1/public/amsfonts/latxfont/lasy10.pfb><d:/code/texlive/2026/texmf-dist/fonts/type1/public/cm-super/sfrm0700.pfb><d:/code/texlive/2026/texmf-dist/fonts/type1/public/cm-super/sfrm1000.pfb><d:/code/texlive/2026/texmf-dist/fonts/type1/public/cm-super/sfrm1200.pfb>
Output written on LastVersion.pdf (41 pages, 493083 bytes).
PDF statistics:
 964 PDF objects out of 1000 (max. 8388607)
 858 compressed objects within 9 object streams
 200 named destinations out of 1000 (max. 500000)
 201 words of extra memory for PDF output out of 10000 (max. 10000000)

